{"/Volumes/HD 1tb/Projetos/aws-cms-serverless/src/app/models/User.js": {"path":"/Volumes/HD 1tb/Projetos/aws-cms-serverless/src/app/models/User.js","statementMap":{"0":{"start":{"line":1,"column":15},"end":{"line":1,"column":34}},"1":{"start":{"line":2,"column":12},"end":{"line":2,"column":35}},"2":{"start":{"line":4,"column":0},"end":{"line":29,"column":2}},"3":{"start":{"line":5,"column":17},"end":{"line":18,"column":6}},"4":{"start":{"line":13,"column":16},"end":{"line":15,"column":17}},"5":{"start":{"line":14,"column":20},"end":{"line":14,"column":77}},"6":{"start":{"line":20,"column":4},"end":{"line":22,"column":5}},"7":{"start":{"line":21,"column":8},"end":{"line":21,"column":59}},"8":{"start":{"line":24,"column":4},"end":{"line":26,"column":5}},"9":{"start":{"line":25,"column":8},"end":{"line":25,"column":64}},"10":{"start":{"line":28,"column":4},"end":{"line":28,"column":16}}},"fnMap":{"0":{"name":"(anonymous_0)","decl":{"start":{"line":4,"column":17},"end":{"line":4,"column":18}},"loc":{"start":{"line":4,"column":43},"end":{"line":29,"column":1}},"line":4},"1":{"name":"(anonymous_1)","decl":{"start":{"line":12,"column":24},"end":{"line":12,"column":25}},"loc":{"start":{"line":12,"column":38},"end":{"line":16,"column":13}},"line":12},"2":{"name":"(anonymous_2)","decl":{"start":{"line":20,"column":35},"end":{"line":20,"column":36}},"loc":{"start":{"line":20,"column":53},"end":{"line":22,"column":5}},"line":20},"3":{"name":"(anonymous_3)","decl":{"start":{"line":24,"column":35},"end":{"line":24,"column":36}},"loc":{"start":{"line":24,"column":45},"end":{"line":26,"column":5}},"line":24}},"branchMap":{"0":{"loc":{"start":{"line":13,"column":16},"end":{"line":15,"column":17}},"type":"if","locations":[{"start":{"line":13,"column":16},"end":{"line":15,"column":17}},{"start":{"line":13,"column":16},"end":{"line":15,"column":17}}],"line":13}},"s":{"0":3,"1":3,"2":3,"3":3,"4":6,"5":6,"6":3,"7":0,"8":3,"9":2,"10":3},"f":{"0":3,"1":6,"2":0,"3":2},"b":{"0":[6,0]},"_coverageSchema":"1a1c01bbd47fc00a2c39e90264f33305004495a9","hash":"68470c9e177ec4d17982011ef722bc923a553ccb"}
,"/Volumes/HD 1tb/Projetos/aws-cms-serverless/src/app/models/index.js": {"path":"/Volumes/HD 1tb/Projetos/aws-cms-serverless/src/app/models/index.js","statementMap":{"0":{"start":{"line":3,"column":11},"end":{"line":3,"column":24}},"1":{"start":{"line":4,"column":13},"end":{"line":4,"column":28}},"2":{"start":{"line":5,"column":18},"end":{"line":5,"column":38}},"3":{"start":{"line":6,"column":17},"end":{"line":6,"column":42}},"4":{"start":{"line":9,"column":15},"end":{"line":9,"column":47}},"5":{"start":{"line":10,"column":11},"end":{"line":10,"column":13}},"6":{"start":{"line":21,"column":18},"end":{"line":26,"column":1}},"7":{"start":{"line":28,"column":0},"end":{"line":37,"column":5}},"8":{"start":{"line":30,"column":4},"end":{"line":32,"column":6}},"9":{"start":{"line":35,"column":18},"end":{"line":35,"column":65}},"10":{"start":{"line":36,"column":4},"end":{"line":36,"column":27}},"11":{"start":{"line":39,"column":0},"end":{"line":43,"column":3}},"12":{"start":{"line":40,"column":2},"end":{"line":42,"column":3}},"13":{"start":{"line":41,"column":4},"end":{"line":41,"column":32}},"14":{"start":{"line":45,"column":0},"end":{"line":45,"column":25}},"15":{"start":{"line":46,"column":0},"end":{"line":46,"column":25}},"16":{"start":{"line":48,"column":0},"end":{"line":48,"column":20}}},"fnMap":{"0":{"name":"(anonymous_0)","decl":{"start":{"line":29,"column":10},"end":{"line":29,"column":11}},"loc":{"start":{"line":29,"column":20},"end":{"line":33,"column":3}},"line":29},"1":{"name":"(anonymous_1)","decl":{"start":{"line":34,"column":11},"end":{"line":34,"column":12}},"loc":{"start":{"line":34,"column":21},"end":{"line":37,"column":3}},"line":34},"2":{"name":"(anonymous_2)","decl":{"start":{"line":39,"column":24},"end":{"line":39,"column":25}},"loc":{"start":{"line":39,"column":39},"end":{"line":43,"column":1}},"line":39}},"branchMap":{"0":{"loc":{"start":{"line":31,"column":6},"end":{"line":31,"column":78}},"type":"binary-expr","locations":[{"start":{"line":31,"column":6},"end":{"line":31,"column":29}},{"start":{"line":31,"column":33},"end":{"line":31,"column":50}},{"start":{"line":31,"column":54},"end":{"line":31,"column":78}}],"line":31},"1":{"loc":{"start":{"line":40,"column":2},"end":{"line":42,"column":3}},"type":"if","locations":[{"start":{"line":40,"column":2},"end":{"line":42,"column":3}},{"start":{"line":40,"column":2},"end":{"line":42,"column":3}}],"line":40}},"s":{"0":3,"1":3,"2":3,"3":3,"4":3,"5":3,"6":3,"7":3,"8":6,"9":3,"10":3,"11":3,"12":3,"13":0,"14":3,"15":3,"16":3},"f":{"0":6,"1":3,"2":3},"b":{"0":[6,6,3],"1":[0,3]},"_coverageSchema":"1a1c01bbd47fc00a2c39e90264f33305004495a9","hash":"70df8835b18c439529c0a4a61c191ced0ca5e682"}
,"/Volumes/HD 1tb/Projetos/aws-cms-serverless/src/config/database.js": {"path":"/Volumes/HD 1tb/Projetos/aws-cms-serverless/src/config/database.js","statementMap":{"0":{"start":{"line":1,"column":0},"end":{"line":3,"column":2}},"1":{"start":{"line":4,"column":0},"end":{"line":17,"column":2}}},"fnMap":{},"branchMap":{"0":{"loc":{"start":{"line":2,"column":8},"end":{"line":2,"column":62}},"type":"cond-expr","locations":[{"start":{"line":2,"column":42},"end":{"line":2,"column":53}},{"start":{"line":2,"column":56},"end":{"line":2,"column":62}}],"line":2},"1":{"loc":{"start":{"line":9,"column":11},"end":{"line":9,"column":43}},"type":"binary-expr","locations":[{"start":{"line":9,"column":11},"end":{"line":9,"column":33}},{"start":{"line":9,"column":36},"end":{"line":9,"column":43}}],"line":9}},"s":{"0":3,"1":3},"f":{},"b":{"0":[3,0],"1":[3,0]},"_coverageSchema":"1a1c01bbd47fc00a2c39e90264f33305004495a9","hash":"b2aa538d563ce6846ad74dc8543d89658b3e65f0"}
,"/Volumes/HD 1tb/Projetos/aws-cms-serverless/src/lambda/hello.js": {"path":"/Volumes/HD 1tb/Projetos/aws-cms-serverless/src/lambda/hello.js","statementMap":{"0":{"start":{"line":3,"column":0},"end":{"line":15,"column":2}},"1":{"start":{"line":4,"column":2},"end":{"line":14,"column":4}}},"fnMap":{"0":{"name":"(anonymous_0)","decl":{"start":{"line":3,"column":24},"end":{"line":3,"column":25}},"loc":{"start":{"line":3,"column":41},"end":{"line":15,"column":1}},"line":3}},"branchMap":{},"s":{"0":0,"1":0},"f":{"0":0},"b":{}}
,"/Volumes/HD 1tb/Projetos/aws-cms-serverless/src/lambda/session.js": {"path":"/Volumes/HD 1tb/Projetos/aws-cms-serverless/src/lambda/session.js","statementMap":{"0":{"start":{"line":3,"column":12},"end":{"line":3,"column":35}},"1":{"start":{"line":4,"column":22},"end":{"line":4,"column":37}},"2":{"start":{"line":6,"column":17},"end":{"line":6,"column":43}},"3":{"start":{"line":7,"column":0},"end":{"line":39,"column":2}},"4":{"start":{"line":8,"column":13},"end":{"line":8,"column":15}},"5":{"start":{"line":9,"column":2},"end":{"line":11,"column":3}},"6":{"start":{"line":10,"column":4},"end":{"line":10,"column":34}},"7":{"start":{"line":13,"column":33},"end":{"line":13,"column":37}},"8":{"start":{"line":15,"column":15},"end":{"line":17,"column":4}},"9":{"start":{"line":19,"column":2},"end":{"line":26,"column":3}},"10":{"start":{"line":20,"column":4},"end":{"line":25,"column":6}},"11":{"start":{"line":28,"column":2},"end":{"line":38,"column":4}},"12":{"start":{"line":41,"column":0},"end":{"line":79,"column":2}},"13":{"start":{"line":43,"column":4},"end":{"line":43,"column":63}},"14":{"start":{"line":45,"column":2},"end":{"line":57,"column":3}},"15":{"start":{"line":46,"column":4},"end":{"line":46,"column":18}},"16":{"start":{"line":47,"column":4},"end":{"line":56,"column":6}},"17":{"start":{"line":59,"column":20},"end":{"line":59,"column":41}},"18":{"start":{"line":61,"column":2},"end":{"line":78,"column":3}},"19":{"start":{"line":62,"column":20},"end":{"line":62,"column":78}},"20":{"start":{"line":63,"column":4},"end":{"line":63,"column":24}},"21":{"start":{"line":64,"column":4},"end":{"line":64,"column":31}},"22":{"start":{"line":66,"column":4},"end":{"line":66,"column":21}},"23":{"start":{"line":67,"column":4},"end":{"line":67,"column":18}},"24":{"start":{"line":68,"column":4},"end":{"line":77,"column":6}}},"fnMap":{"0":{"name":"(anonymous_0)","decl":{"start":{"line":7,"column":23},"end":{"line":7,"column":24}},"loc":{"start":{"line":7,"column":40},"end":{"line":39,"column":1}},"line":7},"1":{"name":"(anonymous_1)","decl":{"start":{"line":41,"column":22},"end":{"line":41,"column":23}},"loc":{"start":{"line":41,"column":48},"end":{"line":79,"column":1}},"line":41}},"branchMap":{"0":{"loc":{"start":{"line":9,"column":2},"end":{"line":11,"column":3}},"type":"if","locations":[{"start":{"line":9,"column":2},"end":{"line":11,"column":3}},{"start":{"line":9,"column":2},"end":{"line":11,"column":3}}],"line":9},"1":{"loc":{"start":{"line":9,"column":6},"end":{"line":9,"column":53}},"type":"binary-expr","locations":[{"start":{"line":9,"column":6},"end":{"line":9,"column":25}},{"start":{"line":9,"column":29},"end":{"line":9,"column":53}}],"line":9},"2":{"loc":{"start":{"line":19,"column":2},"end":{"line":26,"column":3}},"type":"if","locations":[{"start":{"line":19,"column":2},"end":{"line":26,"column":3}},{"start":{"line":19,"column":2},"end":{"line":26,"column":3}}],"line":19},"3":{"loc":{"start":{"line":19,"column":6},"end":{"line":19,"column":52}},"type":"binary-expr","locations":[{"start":{"line":19,"column":6},"end":{"line":19,"column":11}},{"start":{"line":19,"column":15},"end":{"line":19,"column":52}}],"line":19},"4":{"loc":{"start":{"line":43,"column":4},"end":{"line":43,"column":63}},"type":"binary-expr","locations":[{"start":{"line":43,"column":5},"end":{"line":43,"column":18}},{"start":{"line":43,"column":22},"end":{"line":43,"column":49}},{"start":{"line":43,"column":54},"end":{"line":43,"column":63}}],"line":43},"5":{"loc":{"start":{"line":45,"column":2},"end":{"line":57,"column":3}},"type":"if","locations":[{"start":{"line":45,"column":2},"end":{"line":57,"column":3}},{"start":{"line":45,"column":2},"end":{"line":57,"column":3}}],"line":45}},"s":{"0":0,"1":0,"2":0,"3":0,"4":0,"5":0,"6":0,"7":0,"8":0,"9":0,"10":0,"11":0,"12":0,"13":0,"14":0,"15":0,"16":0,"17":0,"18":0,"19":0,"20":0,"21":0,"22":0,"23":0,"24":0},"f":{"0":0,"1":0},"b":{"0":[0,0],"1":[0,0],"2":[0,0],"3":[0,0],"4":[0,0,0],"5":[0,0]}}
,"/Volumes/HD 1tb/Projetos/aws-cms-serverless/src/lambda/users.js": {"path":"/Volumes/HD 1tb/Projetos/aws-cms-serverless/src/lambda/users.js","statementMap":{"0":{"start":{"line":4,"column":0},"end":{"line":18,"column":2}},"1":{"start":{"line":6,"column":2},"end":{"line":6,"column":20}},"2":{"start":{"line":8,"column":2},"end":{"line":17,"column":4}},"3":{"start":{"line":20,"column":0},"end":{"line":31,"column":2}},"4":{"start":{"line":21,"column":2},"end":{"line":30,"column":4}}},"fnMap":{"0":{"name":"(anonymous_0)","decl":{"start":{"line":4,"column":23},"end":{"line":4,"column":24}},"loc":{"start":{"line":4,"column":40},"end":{"line":18,"column":1}},"line":4},"1":{"name":"(anonymous_1)","decl":{"start":{"line":20,"column":23},"end":{"line":20,"column":24}},"loc":{"start":{"line":20,"column":40},"end":{"line":31,"column":1}},"line":20}},"branchMap":{},"s":{"0":0,"1":0,"2":0,"3":0,"4":0},"f":{"0":0,"1":0},"b":{}}
}
